C:\Users\robot\Desktop\New\IRHOCS\Debug\cl.command.1.tlog
C:\Users\robot\Desktop\New\IRHOCS\Debug\CL.read.1.tlog
C:\Users\robot\Desktop\New\IRHOCS\Debug\CL.write.1.tlog
C:\USERS\ROBOT\DESKTOP\NEW\IRHOCS\DEBUG\CONTROLLITA.OBJ
C:\USERS\ROBOT\DESKTOP\NEW\IRHOCS\DEBUG\GRIPPER_2.OBJ
C:\USERS\ROBOT\DESKTOP\NEW\IRHOCS\DEBUG\IMPCARD.OBJ
C:\USERS\ROBOT\DESKTOP\NEW\IRHOCS\DEBUG\IRHOCS.EXE
C:\USERS\ROBOT\DESKTOP\NEW\IRHOCS\DEBUG\IRHOCS.EXE.EMBED.MANIFEST
C:\USERS\ROBOT\DESKTOP\NEW\IRHOCS\DEBUG\IRHOCS.EXE.EMBED.MANIFEST.RES
C:\USERS\ROBOT\DESKTOP\NEW\IRHOCS\DEBUG\IRHOCS.EXE.INTERMEDIATE.MANIFEST
C:\USERS\ROBOT\DESKTOP\NEW\IRHOCS\DEBUG\IRHOCS.ILK
C:\USERS\ROBOT\DESKTOP\NEW\IRHOCS\DEBUG\IRHOCS.OBJ
C:\USERS\ROBOT\DESKTOP\NEW\IRHOCS\DEBUG\IRHOCS.PDB
C:\Users\robot\Desktop\New\IRHOCS\Debug\IRHOCS.write.1.tlog
C:\Users\robot\Desktop\New\IRHOCS\Debug\IRHOCS_manifest.rc
C:\Users\robot\Desktop\New\IRHOCS\Debug\link.4620.read.1.tlog
C:\Users\robot\Desktop\New\IRHOCS\Debug\link.4620.write.1.tlog
C:\Users\robot\Desktop\New\IRHOCS\Debug\link.4620-cvtres.read.1.tlog
C:\Users\robot\Desktop\New\IRHOCS\Debug\link.4620-cvtres.write.1.tlog
C:\Users\robot\Desktop\New\IRHOCS\Debug\link.command.1.tlog
C:\Users\robot\Desktop\New\IRHOCS\Debug\link.read.1.tlog
C:\Users\robot\Desktop\New\IRHOCS\Debug\link.write.1.tlog
C:\Users\robot\Desktop\New\IRHOCS\Debug\link-cvtres.read.1.tlog
C:\Users\robot\Desktop\New\IRHOCS\Debug\link-cvtres.write.1.tlog
C:\USERS\ROBOT\DESKTOP\NEW\IRHOCS\DEBUG\LUOLITAARMFUNC.OBJ
C:\Users\robot\Desktop\New\IRHOCS\Debug\mt.command.1.tlog
C:\Users\robot\Desktop\New\IRHOCS\Debug\mt.read.1.tlog
C:\Users\robot\Desktop\New\IRHOCS\Debug\mt.write.1.tlog
C:\USERS\ROBOT\DESKTOP\NEW\IRHOCS\DEBUG\PLATFORM.OBJ
C:\Users\robot\Desktop\New\IRHOCS\Debug\rc.command.1.tlog
C:\Users\robot\Desktop\New\IRHOCS\Debug\rc.read.1.tlog
C:\Users\robot\Desktop\New\IRHOCS\Debug\rc.write.1.tlog
C:\USERS\ROBOT\DESKTOP\NEW\IRHOCS\DEBUG\ROBOTLITA.OBJ
C:\USERS\ROBOT\DESKTOP\NEW\IRHOCS\DEBUG\SERIAL.OBJ
C:\USERS\ROBOT\DESKTOP\NEW\IRHOCS\DEBUG\SERIALPORTCONTROL.OBJ
C:\USERS\ROBOT\DESKTOP\NEW\IRHOCS\DEBUG\TIMERCONTROL.OBJ
C:\Users\robot\Desktop\New\IRHOCS\Debug\vc100.idb
C:\USERS\ROBOT\DESKTOP\NEW\IRHOCS\DEBUG\VC100.PDB
