已經開始建置於 2015/10/19 上午 04:05:49。
     1>節點 2 (rebuild 目標) 上的專案 "C:\Users\robot\Desktop\New\IRHOCS\IRHOCS.vcxproj"。
     1>_PrepareForClean:
         正在刪除檔案 "Debug\IRHOCS.lastbuildstate"。
       InitializeBuildStatus:
         由於指定了 "AlwaysCreate"，因此正在建立 "Debug\IRHOCS.unsuccessfulbuild"。
       ClCompile:
         c:\Program Files\Microsoft Visual Studio 10.0\VC\bin\CL.exe /c /IC:\opencv\build\include /ZI /nologo /W3 /WX- /Od /Oy- /D WIN32 /D _DEBUG /D _CONSOLE /D _CRT_SECURE_NO_WARNINGS /D _CRT_SECURE_NO_DEPRECATE /D _MBCS /Gm /EHsc /RTC1 /MDd /GS /fp:precise /Zc:wchar_t /Zc:forScope /Fo"Debug\\" /Fd"Debug\vc100.pdb" /Gd /TP /analyze- /errorReport:prompt ControlLita.cpp gripper_2.cpp IMPCard.cpp IRHOCS.cpp LuoLitaArmFunc.cpp Platform.cpp RobotLita.cpp Serial.cpp SerialPortControl.cpp TimerControl.cpp
         TimerControl.cpp
         SerialPortControl.cpp
         Serial.cpp
         RobotLita.cpp
         Platform.cpp
     1>c:\users\robot\desktop\new\irhocs\platform.cpp(60): warning C4244: '引數' : 將 'double' 轉換為 'DWORD'，由於型別不同，可能導致資料遺失
     1>c:\users\robot\desktop\new\irhocs\platform.cpp(106): warning C4244: '引數' : 將 'double' 轉換為 'DWORD'，由於型別不同，可能導致資料遺失
     1>c:\users\robot\desktop\new\irhocs\platform.cpp(132): warning C4244: '引數' : 將 'double' 轉換為 'DWORD'，由於型別不同，可能導致資料遺失
     1>c:\users\robot\desktop\new\irhocs\platform.cpp(158): warning C4244: '引數' : 將 'double' 轉換為 'DWORD'，由於型別不同，可能導致資料遺失
     1>c:\users\robot\desktop\new\irhocs\platform.cpp(192): warning C4244: '引數' : 將 'double' 轉換為 'DWORD'，由於型別不同，可能導致資料遺失
     1>c:\users\robot\desktop\new\irhocs\platform.cpp(248): warning C4244: '引數' : 將 'double' 轉換為 'DWORD'，由於型別不同，可能導致資料遺失
         LuoLitaArmFunc.cpp
     1>c:\users\robot\desktop\new\irhocs\luolitaarmfunc.cpp(461): warning C4244: '=' : 將 'long' 轉換為 'float'，由於型別不同，可能導致資料遺失
     1>c:\users\robot\desktop\new\irhocs\luolitaarmfunc.cpp(462): warning C4244: '=' : 將 'long' 轉換為 'float'，由於型別不同，可能導致資料遺失
     1>c:\users\robot\desktop\new\irhocs\luolitaarmfunc.cpp(463): warning C4244: '=' : 將 'long' 轉換為 'float'，由於型別不同，可能導致資料遺失
     1>c:\users\robot\desktop\new\irhocs\luolitaarmfunc.cpp(464): warning C4244: '=' : 將 'long' 轉換為 'float'，由於型別不同，可能導致資料遺失
     1>c:\users\robot\desktop\new\irhocs\luolitaarmfunc.cpp(654): warning C4101: 'qz' : 未參考的區域變數
     1>c:\users\robot\desktop\new\irhocs\luolitaarmfunc.cpp(834): warning C4244: '=' : 將 'double' 轉換為 'float'，由於型別不同，可能導致資料遺失
     1>c:\users\robot\desktop\new\irhocs\luolitaarmfunc.cpp(844): warning C4244: '=' : 將 'double' 轉換為 'float'，由於型別不同，可能導致資料遺失
     1>c:\users\robot\desktop\new\irhocs\luolitaarmfunc.cpp(854): warning C4244: '=' : 將 'double' 轉換為 'float'，由於型別不同，可能導致資料遺失
     1>c:\users\robot\desktop\new\irhocs\luolitaarmfunc.cpp(864): warning C4244: '=' : 將 'double' 轉換為 'float'，由於型別不同，可能導致資料遺失
     1>c:\users\robot\desktop\new\irhocs\luolitaarmfunc.cpp(874): warning C4244: '=' : 將 'double' 轉換為 'float'，由於型別不同，可能導致資料遺失
     1>c:\users\robot\desktop\new\irhocs\luolitaarmfunc.cpp(884): warning C4244: '=' : 將 'double' 轉換為 'float'，由於型別不同，可能導致資料遺失
         IRHOCS.cpp
         IMPCard.cpp
         gripper_2.cpp
     1>c:\users\robot\desktop\new\irhocs\gripper_2.cpp(31): warning C4101: 'add1' : 未參考的區域變數
     1>c:\users\robot\desktop\new\irhocs\gripper_2.cpp(31): warning C4101: 'add2' : 未參考的區域變數
     1>c:\users\robot\desktop\new\irhocs\gripper_2.cpp(56): warning C4101: 'index' : 未參考的區域變數
     1>c:\users\robot\desktop\new\irhocs\gripper_2.cpp(89): warning C4101: 'nErr' : 未參考的區域變數
         ControlLita.cpp
     1>c:\users\robot\desktop\new\irhocs\controllita.cpp(471): warning C4305: '=' : 從 'double' 轉換為 'float'，是由較大的型別轉換為較小的型別，可能導致資料遺失
     1>c:\users\robot\desktop\new\irhocs\controllita.cpp(472): warning C4305: '=' : 從 'double' 轉換為 'float'，是由較大的型別轉換為較小的型別，可能導致資料遺失
     1>c:\users\robot\desktop\new\irhocs\controllita.cpp(473): warning C4305: '=' : 從 'double' 轉換為 'float'，是由較大的型別轉換為較小的型別，可能導致資料遺失
     1>c:\users\robot\desktop\new\irhocs\controllita.cpp(474): warning C4305: '=' : 從 'double' 轉換為 'float'，是由較大的型別轉換為較小的型別，可能導致資料遺失
     1>c:\users\robot\desktop\new\irhocs\controllita.cpp(475): warning C4305: '=' : 從 'double' 轉換為 'float'，是由較大的型別轉換為較小的型別，可能導致資料遺失
     1>c:\users\robot\desktop\new\irhocs\controllita.cpp(476): warning C4305: '=' : 從 'double' 轉換為 'float'，是由較大的型別轉換為較小的型別，可能導致資料遺失
     1>c:\users\robot\desktop\new\irhocs\controllita.cpp(477): warning C4305: '=' : 從 'double' 轉換為 'float'，是由較大的型別轉換為較小的型別，可能導致資料遺失
     1>c:\users\robot\desktop\new\irhocs\controllita.cpp(479): warning C4305: '=' : 從 'double' 轉換為 'float'，是由較大的型別轉換為較小的型別，可能導致資料遺失
     1>c:\users\robot\desktop\new\irhocs\controllita.cpp(480): warning C4305: '=' : 從 'double' 轉換為 'float'，是由較大的型別轉換為較小的型別，可能導致資料遺失
     1>c:\users\robot\desktop\new\irhocs\controllita.cpp(481): warning C4305: '=' : 從 'double' 轉換為 'float'，是由較大的型別轉換為較小的型別，可能導致資料遺失
     1>c:\users\robot\desktop\new\irhocs\controllita.cpp(482): warning C4305: '=' : 從 'double' 轉換為 'float'，是由較大的型別轉換為較小的型別，可能導致資料遺失
     1>c:\users\robot\desktop\new\irhocs\controllita.cpp(483): warning C4305: '=' : 從 'double' 轉換為 'float'，是由較大的型別轉換為較小的型別，可能導致資料遺失
     1>c:\users\robot\desktop\new\irhocs\controllita.cpp(484): warning C4305: '=' : 從 'double' 轉換為 'float'，是由較大的型別轉換為較小的型別，可能導致資料遺失
     1>c:\users\robot\desktop\new\irhocs\controllita.cpp(485): warning C4305: '=' : 從 'double' 轉換為 'float'，是由較大的型別轉換為較小的型別，可能導致資料遺失
     1>c:\users\robot\desktop\new\irhocs\controllita.cpp(1452): warning C4101: 'rs_p' : 未參考的區域變數
     1>c:\users\robot\desktop\new\irhocs\controllita.cpp(2455): warning C4244: '=' : 將 'double' 轉換為 'float'，由於型別不同，可能導致資料遺失
     1>c:\users\robot\desktop\new\irhocs\controllita.cpp(2465): warning C4244: '引數' : 將 'double' 轉換為 'float'，由於型別不同，可能導致資料遺失
     1>c:\users\robot\desktop\new\irhocs\controllita.cpp(2465): warning C4244: '=' : 將 'double' 轉換為 'float'，由於型別不同，可能導致資料遺失
     1>c:\users\robot\desktop\new\irhocs\controllita.cpp(2474): warning C4244: '引數' : 將 'double' 轉換為 'float'，由於型別不同，可能導致資料遺失
     1>c:\users\robot\desktop\new\irhocs\controllita.cpp(2474): warning C4244: '=' : 將 'double' 轉換為 'float'，由於型別不同，可能導致資料遺失
     1>c:\users\robot\desktop\new\irhocs\controllita.cpp(2554): warning C4244: '=' : 將 'double' 轉換為 'float'，由於型別不同，可能導致資料遺失
     1>c:\users\robot\desktop\new\irhocs\controllita.cpp(2561): warning C4244: '=' : 將 'double' 轉換為 'float'，由於型別不同，可能導致資料遺失
         正在產生程式碼...
     1>c:\users\robot\desktop\new\irhocs\gripper_2.cpp(51): warning C4715: 'init_gripper_para' : 不是所有控制路徑都傳回值
     1>c:\users\robot\desktop\new\irhocs\robotlita.cpp(432): warning C4700: 使用了未初始化的區域變數 'L3'
       ManifestResourceCompile:
         c:\Program Files\Microsoft SDKs\Windows\v7.0A\bin\rc.exe /nologo /fo"Debug\IRHOCS.exe.embed.manifest.res" Debug\IRHOCS_manifest.rc 
       Link:
         c:\Program Files\Microsoft Visual Studio 10.0\VC\bin\link.exe /ERRORREPORT:PROMPT /OUT:"C:\Users\robot\Desktop\New\IRHOCS\Debug\IRHOCS.exe" /INCREMENTAL /NOLOGO /LIBPATH:C:\opencv\build\x86\vc10\lib opencv_calib3d2411d.lib opencv_contrib2411d.lib opencv_core2411d.lib opencv_features2d2411d.lib opencv_flann2411d.lib opencv_gpu2411d.lib opencv_highgui2411d.lib opencv_imgproc2411d.lib opencv_legacy2411d.lib opencv_ml2411d.lib opencv_nonfree2411d.lib opencv_objdetect2411d.lib opencv_photo2411d.lib opencv_stitching2411d.lib opencv_ts2411d.lib opencv_video2411d.lib opencv_videostab2411d.lib IMCDriver.lib rtapi_w32.lib TcAdsDll.lib kernel32.lib user32.lib gdi32.lib winspool.lib comdlg32.lib advapi32.lib shell32.lib ole32.lib oleaut32.lib uuid.lib odbc32.lib odbccp32.lib /NODEFAULTLIB:libc /NODEFAULTLIB:libcd /NODEFAULTLIB:libcmt /NODEFAULTLIB:libcmtd /MANIFEST /ManifestFile:"Debug\IRHOCS.exe.intermediate.manifest" /MANIFESTUAC:"level='asInvoker' uiAccess='false'" /DEBUG /PDB:"C:\Users\robot\Desktop\New\IRHOCS\Debug\IRHOCS.pdb" /SUBSYSTEM:CONSOLE /TLBID:1 /DYNAMICBASE /NXCOMPAT /IMPLIB:"C:\Users\robot\Desktop\New\IRHOCS\Debug\IRHOCS.lib" /MACHINE:X86 Debug\IRHOCS.exe.embed.manifest.res
         Debug\ControlLita.obj
         Debug\gripper_2.obj
         Debug\IMPCard.obj
         Debug\IRHOCS.obj
         Debug\LuoLitaArmFunc.obj
         Debug\Platform.obj
         Debug\RobotLita.obj
         Debug\Serial.obj
         Debug\SerialPortControl.obj
         Debug\TimerControl.obj
       Manifest:
         正在刪除檔案 "Debug\IRHOCS.exe.embed.manifest"。
         c:\Program Files\Microsoft SDKs\Windows\v7.0A\bin\mt.exe /nologo /verbose /out:"Debug\IRHOCS.exe.embed.manifest" /manifest Debug\IRHOCS.exe.intermediate.manifest
         c:\Program Files\Microsoft SDKs\Windows\v7.0A\bin\rc.exe /nologo /fo"Debug\IRHOCS.exe.embed.manifest.res" Debug\IRHOCS_manifest.rc 
       LinkEmbedManifest:
         c:\Program Files\Microsoft Visual Studio 10.0\VC\bin\link.exe /ERRORREPORT:PROMPT /OUT:"C:\Users\robot\Desktop\New\IRHOCS\Debug\IRHOCS.exe" /INCREMENTAL /NOLOGO /LIBPATH:C:\opencv\build\x86\vc10\lib opencv_calib3d2411d.lib opencv_contrib2411d.lib opencv_core2411d.lib opencv_features2d2411d.lib opencv_flann2411d.lib opencv_gpu2411d.lib opencv_highgui2411d.lib opencv_imgproc2411d.lib opencv_legacy2411d.lib opencv_ml2411d.lib opencv_nonfree2411d.lib opencv_objdetect2411d.lib opencv_photo2411d.lib opencv_stitching2411d.lib opencv_ts2411d.lib opencv_video2411d.lib opencv_videostab2411d.lib IMCDriver.lib rtapi_w32.lib TcAdsDll.lib kernel32.lib user32.lib gdi32.lib winspool.lib comdlg32.lib advapi32.lib shell32.lib ole32.lib oleaut32.lib uuid.lib odbc32.lib odbccp32.lib /NODEFAULTLIB:libc /NODEFAULTLIB:libcd /NODEFAULTLIB:libcmt /NODEFAULTLIB:libcmtd /MANIFEST /ManifestFile:"Debug\IRHOCS.exe.intermediate.manifest" /MANIFESTUAC:"level='asInvoker' uiAccess='false'" /DEBUG /PDB:"C:\Users\robot\Desktop\New\IRHOCS\Debug\IRHOCS.pdb" /SUBSYSTEM:CONSOLE /TLBID:1 /DYNAMICBASE /NXCOMPAT /IMPLIB:"C:\Users\robot\Desktop\New\IRHOCS\Debug\IRHOCS.lib" /MACHINE:X86 Debug\IRHOCS.exe.embed.manifest.res
         Debug\ControlLita.obj
         Debug\gripper_2.obj
         Debug\IMPCard.obj
         Debug\IRHOCS.obj
         Debug\LuoLitaArmFunc.obj
         Debug\Platform.obj
         Debug\RobotLita.obj
         Debug\Serial.obj
         Debug\SerialPortControl.obj
         Debug\TimerControl.obj
         IRHOCS.vcxproj -> C:\Users\robot\Desktop\New\IRHOCS\Debug\IRHOCS.exe
       FinalizeBuildStatus:
         正在刪除檔案 "Debug\IRHOCS.unsuccessfulbuild"。
         正在變更時間戳記 "Debug\IRHOCS.lastbuildstate"。
     1>專案 "C:\Users\robot\Desktop\New\IRHOCS\IRHOCS.vcxproj" (rebuild 目標) 建置完成。

建置成功。

經過時間 00:00:14.74
